   1              		.cpu arm7tdmi
   2              		.fpu softvfp
   3              		.eabi_attribute 20, 1
   4              		.eabi_attribute 21, 1
   5              		.eabi_attribute 23, 3
   6              		.eabi_attribute 24, 1
   7              		.eabi_attribute 25, 1
   8              		.eabi_attribute 26, 1
   9              		.eabi_attribute 30, 4
  10              		.eabi_attribute 18, 4
  11              		.file	"intcontroller.c"
  12              		.text
  13              		.align	2
  14              		.global	ic_init
  16              	ic_init:
  17              		@ Function supports interworking.
  18              		@ args = 0, pretend = 0, frame = 0
  19              		@ frame_needed = 0, uses_anonymous_args = 0
  20              		@ link register save eliminated.
  21 0000 1E36A0E3 		mov	r3, #31457280
  22 0004 0020A0E3 		mov	r2, #0
  23 0008 082083E5 		str	r2, [r3, #8]
  24 000c 072082E2 		add	r2, r2, #7
  25 0010 002083E5 		str	r2, [r3, #0]
  26 0014 0020E0E3 		mvn	r2, #0
  27 0018 0C2083E5 		str	r2, [r3, #12]
  28 001c 1EFF2FE1 		bx	lr
  30              		.align	2
  31              		.global	ic_conf_irq
  33              	ic_conf_irq:
  34              		@ Function supports interworking.
  35              		@ args = 0, pretend = 0, frame = 0
  36              		@ frame_needed = 0, uses_anonymous_args = 0
  37              		@ link register save eliminated.
  38 0020 1E36A0E3 		mov	r3, #31457280
  39 0024 010050E3 		cmp	r0, #1
  40 0028 003093E5 		ldr	r3, [r3, #0]
  41 002c 0900008A 		bhi	.L8
  42 0030 000051E3 		cmp	r1, #0
  43 0034 0430C303 		biceq	r3, r3, #4
  44 0038 04308313 		orrne	r3, r3, #4
  45 003c 010050E3 		cmp	r0, #1
  46 0040 0230C303 		biceq	r3, r3, #2
  47 0044 02308313 		orrne	r3, r3, #2
  48 0048 1E26A0E3 		mov	r2, #31457280
  49 004c 003082E5 		str	r3, [r2, #0]
  50 0050 0000A0E3 		mov	r0, #0
  51 0054 1EFF2FE1 		bx	lr
  52              	.L8:
  53 0058 0000E0E3 		mvn	r0, #0
  54 005c 1EFF2FE1 		bx	lr
  56              		.align	2
  57              		.global	ic_conf_fiq
  59              	ic_conf_fiq:
  60              		@ Function supports interworking.
  61              		@ args = 0, pretend = 0, frame = 0
  62              		@ frame_needed = 0, uses_anonymous_args = 0
  63              		@ link register save eliminated.
  64 0060 010050E3 		cmp	r0, #1
  65 0064 0300000A 		beq	.L11
  66 0068 000050E3 		cmp	r0, #0
  67 006c 0000E013 		mvnne	r0, #0
  68 0070 0100A003 		moveq	r0, #1
  69 0074 1EFF2FE1 		bx	lr
  70              	.L11:
  71 0078 0000A0E3 		mov	r0, #0
  72 007c 1EFF2FE1 		bx	lr
  74              		.align	2
  75              		.global	ic_conf_line
  77              	ic_conf_line:
  78              		@ Function supports interworking.
  79              		@ args = 0, pretend = 0, frame = 0
  80              		@ frame_needed = 0, uses_anonymous_args = 0
  81              		@ link register save eliminated.
  82 0080 1A0050E3 		cmp	r0, #26
  83 0084 0300008A 		bhi	.L15
  84 0088 020051E3 		cmp	r1, #2
  85 008c 0000A033 		movcc	r0, #0
  86 0090 0000E023 		mvncs	r0, #0
  87 0094 1EFF2FE1 		bx	lr
  88              	.L15:
  89 0098 0000E0E3 		mvn	r0, #0
  90 009c 1EFF2FE1 		bx	lr
  92              		.align	2
  93              		.global	ic_enable
  95              	ic_enable:
  96              		@ Function supports interworking.
  97              		@ args = 0, pretend = 0, frame = 0
  98              		@ frame_needed = 0, uses_anonymous_args = 0
  99              		@ link register save eliminated.
 100 00a0 1A0050E3 		cmp	r0, #26
 101 00a4 0000E083 		mvnhi	r0, #0
 102 00a8 0000A093 		movls	r0, #0
 103 00ac 1EFF2FE1 		bx	lr
 105              		.align	2
 106              		.global	ic_disable
 108              	ic_disable:
 109              		@ Function supports interworking.
 110              		@ args = 0, pretend = 0, frame = 0
 111              		@ frame_needed = 0, uses_anonymous_args = 0
 112              		@ link register save eliminated.
 113 00b0 1A0050E3 		cmp	r0, #26
 114 00b4 1E36A093 		movls	r3, #31457280
 115 00b8 0C209395 		ldrls	r2, [r3, #12]
 116 00bc 0110A093 		movls	r1, #1
 117 00c0 11008291 		orrls	r0, r2, r1, asl r0
 118 00c4 0000E083 		mvnhi	r0, #0
 119 00c8 0C008395 		strls	r0, [r3, #12]
 120 00cc 0000A093 		movls	r0, #0
 121 00d0 1EFF2FE1 		bx	lr
 123              		.align	2
 124              		.global	ic_cleanflag
 126              	ic_cleanflag:
 127              		@ Function supports interworking.
 128              		@ args = 0, pretend = 0, frame = 0
 129              		@ frame_needed = 0, uses_anonymous_args = 0
 130              		@ link register save eliminated.
 131 00d4 1A0050E3 		cmp	r0, #26
 132 00d8 0C00008A 		bhi	.L26
 133 00dc 0120A0E3 		mov	r2, #1
 134 00e0 1220A0E1 		mov	r2, r2, asl r0
 135 00e4 1E36A0E3 		mov	r3, #31457280
 136 00e8 081093E5 		ldr	r1, [r3, #8]
 137 00ec 010012E0 		ands	r0, r2, r1
 138 00f0 3C109315 		ldrne	r1, [r3, #60]
 139 00f4 24109305 		ldreq	r1, [r3, #36]
 140 00f8 01208211 		orrne	r2, r2, r1
 141 00fc 01208201 		orreq	r2, r2, r1
 142 0100 3C208315 		strne	r2, [r3, #60]
 143 0104 0000A013 		movne	r0, #0
 144 0108 24208305 		streq	r2, [r3, #36]
 145 010c 1EFF2FE1 		bx	lr
 146              	.L26:
 147 0110 0000E0E3 		mvn	r0, #0
 148 0114 1EFF2FE1 		bx	lr
 150              		.ident	"GCC: (Sourcery G++ Lite 2011.03-42) 4.5.2"
DEFINED SYMBOLS
                            *ABS*:00000000 intcontroller.c
C:\Users\USUARI~1\AppData\Local\Temp\ccQx4s4i.s:13     .text:00000000 $a
C:\Users\USUARI~1\AppData\Local\Temp\ccQx4s4i.s:16     .text:00000000 ic_init
C:\Users\USUARI~1\AppData\Local\Temp\ccQx4s4i.s:33     .text:00000020 ic_conf_irq
C:\Users\USUARI~1\AppData\Local\Temp\ccQx4s4i.s:59     .text:00000060 ic_conf_fiq
C:\Users\USUARI~1\AppData\Local\Temp\ccQx4s4i.s:77     .text:00000080 ic_conf_line
C:\Users\USUARI~1\AppData\Local\Temp\ccQx4s4i.s:95     .text:000000a0 ic_enable
C:\Users\USUARI~1\AppData\Local\Temp\ccQx4s4i.s:108    .text:000000b0 ic_disable
C:\Users\USUARI~1\AppData\Local\Temp\ccQx4s4i.s:126    .text:000000d4 ic_cleanflag

NO UNDEFINED SYMBOLS
