   1              		.cpu arm7tdmi
   2              		.fpu softvfp
   3              		.eabi_attribute 20, 1
   4              		.eabi_attribute 21, 1
   5              		.eabi_attribute 23, 3
   6              		.eabi_attribute 24, 1
   7              		.eabi_attribute 25, 1
   8              		.eabi_attribute 26, 1
   9              		.eabi_attribute 30, 4
  10              		.eabi_attribute 18, 4
  11              		.file	"leds.c"
  12              		.text
  13              		.align	2
  14              		.global	leds_display
  16              	leds_display:
  17              		@ Function supports interworking.
  18              		@ args = 0, pretend = 0, frame = 0
  19              		@ frame_needed = 0, uses_anonymous_args = 0
  20              		@ link register save eliminated.
  21 0000 30309FE5 		ldr	r3, .L8
  22 0004 000083E5 		str	r0, [r3, #0]
  23 0008 2C309FE5 		ldr	r3, .L8+4
  24 000c 0C2093E5 		ldr	r2, [r3, #12]
  25 0010 010010E3 		tst	r0, #1
  26 0014 022CC213 		bicne	r2, r2, #512
  27 0018 022C8203 		orreq	r2, r2, #512
  28 001c 0C2083E5 		str	r2, [r3, #12]
  29 0020 0C2093E5 		ldr	r2, [r3, #12]
  30 0024 020010E3 		tst	r0, #2
  31 0028 012BC213 		bicne	r2, r2, #1024
  32 002c 012B8203 		orreq	r2, r2, #1024
  33 0030 0C2083E5 		str	r2, [r3, #12]
  34 0034 1EFF2FE1 		bx	lr
  35              	.L9:
  36              		.align	2
  37              	.L8:
  38 0038 00000000 		.word	.LANCHOR0
  39 003c 0000D201 		.word	30539776
  41              		.align	2
  42              		.global	leds_switch
  44              	leds_switch:
  45              		@ Function supports interworking.
  46              		@ args = 0, pretend = 0, frame = 0
  47              		@ frame_needed = 0, uses_anonymous_args = 0
  48              		@ link register save eliminated.
  49 0040 0C309FE5 		ldr	r3, .L11
  50 0044 000093E5 		ldr	r0, [r3, #0]
  51 0048 030020E2 		eor	r0, r0, #3
  52 004c 000083E5 		str	r0, [r3, #0]
  53 0050 FEFFFFEA 		b	leds_display
  54              	.L12:
  55              		.align	2
  56              	.L11:
  57 0054 00000000 		.word	.LANCHOR0
  59              		.align	2
  60              		.global	led2_switch
  62              	led2_switch:
  63              		@ Function supports interworking.
  64              		@ args = 0, pretend = 0, frame = 0
  65              		@ frame_needed = 0, uses_anonymous_args = 0
  66              		@ link register save eliminated.
  67 0058 0C309FE5 		ldr	r3, .L14
  68 005c 000093E5 		ldr	r0, [r3, #0]
  69 0060 020020E2 		eor	r0, r0, #2
  70 0064 000083E5 		str	r0, [r3, #0]
  71 0068 FEFFFFEA 		b	leds_display
  72              	.L15:
  73              		.align	2
  74              	.L14:
  75 006c 00000000 		.word	.LANCHOR0
  77              		.align	2
  78              		.global	led1_switch
  80              	led1_switch:
  81              		@ Function supports interworking.
  82              		@ args = 0, pretend = 0, frame = 0
  83              		@ frame_needed = 0, uses_anonymous_args = 0
  84              		@ link register save eliminated.
  85 0070 0C309FE5 		ldr	r3, .L17
  86 0074 000093E5 		ldr	r0, [r3, #0]
  87 0078 010020E2 		eor	r0, r0, #1
  88 007c 000083E5 		str	r0, [r3, #0]
  89 0080 FEFFFFEA 		b	leds_display
  90              	.L18:
  91              		.align	2
  92              	.L17:
  93 0084 00000000 		.word	.LANCHOR0
  95              		.align	2
  96              		.global	led2_off
  98              	led2_off:
  99              		@ Function supports interworking.
 100              		@ args = 0, pretend = 0, frame = 0
 101              		@ frame_needed = 0, uses_anonymous_args = 0
 102              		@ link register save eliminated.
 103 0088 0C309FE5 		ldr	r3, .L20
 104 008c 000093E5 		ldr	r0, [r3, #0]
 105 0090 0200C0E3 		bic	r0, r0, #2
 106 0094 000083E5 		str	r0, [r3, #0]
 107 0098 FEFFFFEA 		b	leds_display
 108              	.L21:
 109              		.align	2
 110              	.L20:
 111 009c 00000000 		.word	.LANCHOR0
 113              		.align	2
 114              		.global	led2_on
 116              	led2_on:
 117              		@ Function supports interworking.
 118              		@ args = 0, pretend = 0, frame = 0
 119              		@ frame_needed = 0, uses_anonymous_args = 0
 120              		@ link register save eliminated.
 121 00a0 0C309FE5 		ldr	r3, .L23
 122 00a4 000093E5 		ldr	r0, [r3, #0]
 123 00a8 020080E3 		orr	r0, r0, #2
 124 00ac 000083E5 		str	r0, [r3, #0]
 125 00b0 FEFFFFEA 		b	leds_display
 126              	.L24:
 127              		.align	2
 128              	.L23:
 129 00b4 00000000 		.word	.LANCHOR0
 131              		.align	2
 132              		.global	led1_off
 134              	led1_off:
 135              		@ Function supports interworking.
 136              		@ args = 0, pretend = 0, frame = 0
 137              		@ frame_needed = 0, uses_anonymous_args = 0
 138              		@ link register save eliminated.
 139 00b8 0C309FE5 		ldr	r3, .L26
 140 00bc 000093E5 		ldr	r0, [r3, #0]
 141 00c0 0100C0E3 		bic	r0, r0, #1
 142 00c4 000083E5 		str	r0, [r3, #0]
 143 00c8 FEFFFFEA 		b	leds_display
 144              	.L27:
 145              		.align	2
 146              	.L26:
 147 00cc 00000000 		.word	.LANCHOR0
 149              		.align	2
 150              		.global	led1_on
 152              	led1_on:
 153              		@ Function supports interworking.
 154              		@ args = 0, pretend = 0, frame = 0
 155              		@ frame_needed = 0, uses_anonymous_args = 0
 156              		@ link register save eliminated.
 157 00d0 0C309FE5 		ldr	r3, .L29
 158 00d4 000093E5 		ldr	r0, [r3, #0]
 159 00d8 010080E3 		orr	r0, r0, #1
 160 00dc 000083E5 		str	r0, [r3, #0]
 161 00e0 FEFFFFEA 		b	leds_display
 162              	.L30:
 163              		.align	2
 164              	.L29:
 165 00e4 00000000 		.word	.LANCHOR0
 167              		.align	2
 168              		.global	leds_init
 170              	leds_init:
 171              		@ Function supports interworking.
 172              		@ args = 0, pretend = 0, frame = 0
 173              		@ frame_needed = 0, uses_anonymous_args = 0
 174              		@ link register save eliminated.
 175 00e8 20309FE5 		ldr	r3, .L32
 176 00ec 082093E5 		ldr	r2, [r3, #8]
 177 00f0 022CC2E3 		bic	r2, r2, #512
 178 00f4 082083E5 		str	r2, [r3, #8]
 179 00f8 082093E5 		ldr	r2, [r3, #8]
 180 00fc 012BC2E3 		bic	r2, r2, #1024
 181 0100 082083E5 		str	r2, [r3, #8]
 182 0104 08309FE5 		ldr	r3, .L32+4
 183 0108 000093E5 		ldr	r0, [r3, #0]
 184 010c FEFFFFEA 		b	leds_display
 185              	.L33:
 186              		.align	2
 187              	.L32:
 188 0110 0000D201 		.word	30539776
 189 0114 00000000 		.word	.LANCHOR0
 191              		.bss
 192              		.align	2
 193              		.set	.LANCHOR0,. + 0
 196              	status:
 197 0000 00000000 		.space	4
 198              		.ident	"GCC: (Sourcery G++ Lite 2011.03-42) 4.5.2"
DEFINED SYMBOLS
                            *ABS*:00000000 leds.c
C:\Users\USUARI~1\AppData\Local\Temp\ccmq7Tso.s:13     .text:00000000 $a
C:\Users\USUARI~1\AppData\Local\Temp\ccmq7Tso.s:16     .text:00000000 leds_display
C:\Users\USUARI~1\AppData\Local\Temp\ccmq7Tso.s:38     .text:00000038 $d
C:\Users\USUARI~1\AppData\Local\Temp\ccmq7Tso.s:41     .text:00000040 $a
C:\Users\USUARI~1\AppData\Local\Temp\ccmq7Tso.s:44     .text:00000040 leds_switch
C:\Users\USUARI~1\AppData\Local\Temp\ccmq7Tso.s:57     .text:00000054 $d
C:\Users\USUARI~1\AppData\Local\Temp\ccmq7Tso.s:59     .text:00000058 $a
C:\Users\USUARI~1\AppData\Local\Temp\ccmq7Tso.s:62     .text:00000058 led2_switch
C:\Users\USUARI~1\AppData\Local\Temp\ccmq7Tso.s:75     .text:0000006c $d
C:\Users\USUARI~1\AppData\Local\Temp\ccmq7Tso.s:77     .text:00000070 $a
C:\Users\USUARI~1\AppData\Local\Temp\ccmq7Tso.s:80     .text:00000070 led1_switch
C:\Users\USUARI~1\AppData\Local\Temp\ccmq7Tso.s:93     .text:00000084 $d
C:\Users\USUARI~1\AppData\Local\Temp\ccmq7Tso.s:95     .text:00000088 $a
C:\Users\USUARI~1\AppData\Local\Temp\ccmq7Tso.s:98     .text:00000088 led2_off
C:\Users\USUARI~1\AppData\Local\Temp\ccmq7Tso.s:111    .text:0000009c $d
C:\Users\USUARI~1\AppData\Local\Temp\ccmq7Tso.s:113    .text:000000a0 $a
C:\Users\USUARI~1\AppData\Local\Temp\ccmq7Tso.s:116    .text:000000a0 led2_on
C:\Users\USUARI~1\AppData\Local\Temp\ccmq7Tso.s:129    .text:000000b4 $d
C:\Users\USUARI~1\AppData\Local\Temp\ccmq7Tso.s:131    .text:000000b8 $a
C:\Users\USUARI~1\AppData\Local\Temp\ccmq7Tso.s:134    .text:000000b8 led1_off
C:\Users\USUARI~1\AppData\Local\Temp\ccmq7Tso.s:147    .text:000000cc $d
C:\Users\USUARI~1\AppData\Local\Temp\ccmq7Tso.s:149    .text:000000d0 $a
C:\Users\USUARI~1\AppData\Local\Temp\ccmq7Tso.s:152    .text:000000d0 led1_on
C:\Users\USUARI~1\AppData\Local\Temp\ccmq7Tso.s:165    .text:000000e4 $d
C:\Users\USUARI~1\AppData\Local\Temp\ccmq7Tso.s:167    .text:000000e8 $a
C:\Users\USUARI~1\AppData\Local\Temp\ccmq7Tso.s:170    .text:000000e8 leds_init
C:\Users\USUARI~1\AppData\Local\Temp\ccmq7Tso.s:188    .text:00000110 $d
C:\Users\USUARI~1\AppData\Local\Temp\ccmq7Tso.s:192    .bss:00000000 $d
C:\Users\USUARI~1\AppData\Local\Temp\ccmq7Tso.s:196    .bss:00000000 status

NO UNDEFINED SYMBOLS
