   1              		.cpu arm7tdmi
   2              		.fpu softvfp
   3              		.eabi_attribute 20, 1
   4              		.eabi_attribute 21, 1
   5              		.eabi_attribute 23, 3
   6              		.eabi_attribute 24, 1
   7              		.eabi_attribute 25, 1
   8              		.eabi_attribute 26, 1
   9              		.eabi_attribute 30, 6
  10              		.eabi_attribute 18, 4
  11              		.file	"main.c"
  21              	.Ltext0:
  22              		.file 1 "../main.c"
 2005              		.align	2
 2006              		.global	initRGB
 2008              	initRGB:
 2009              	.LFB0:
   1:../main.c     **** #include <stdio.h>
   2:../main.c     **** #include "trafo.h"
   3:../main.c     **** #include "types.h"
   4:../main.c     **** #include "time.h"
   5:../main.c     **** #include "lena512color.h"
   6:../main.c     **** 
   7:../main.c     **** // Comentar esta linea para NO usar como entrada
   8:../main.c     **** //avanzada
   9:../main.c     **** // la imagen de LENA
  10:../main.c     **** //#define LENA
  11:../main.c     **** 
  12:../main.c     **** #ifdef LENA
  13:../main.c     **** #define N 512
  14:../main.c     **** #define M 512
  15:../main.c     **** 
  16:../main.c     **** 
  17:../main.c     **** pixelRGB* imagenRGB;
  18:../main.c     **** maximo* imagenMax;
  19:../main.c     **** #else
  20:../main.c     **** #define N 8
  21:../main.c     **** #define M 8
  22:../main.c     **** pixelRGB imagenRGB[N*M];
  23:../main.c     **** maximo imagenMax[N];
  24:../main.c     **** #endif
  25:../main.c     **** 
  26:../main.c     **** unsigned char imagenGris[N*M];
  27:../main.c     **** unsigned char imagenGauss[N*M];
  28:../main.c     **** unsigned char imagenSobel[N*M];
  29:../main.c     **** 
  30:../main.c     **** #ifndef LENA
  31:../main.c     **** void initRGB(int nfilas, int ncols)
  32:../main.c     **** {
 2010              		.loc 1 32 0
 2011              		.cfi_startproc
 2012              		@ Function supports interworking.
 2013              		@ args = 0, pretend = 0, frame = 16
 2014              		@ frame_needed = 1, uses_anonymous_args = 0
 2015 0000 0DC0A0E1 		mov	ip, sp
 2016              	.LCFI0:
 2017              		.cfi_def_cfa_register 12
 2018 0004 00D82DE9 		stmfd	sp!, {fp, ip, lr, pc}
 2019 0008 04B04CE2 		sub	fp, ip, #4
 2020              		.cfi_offset 14, -8
 2021              		.cfi_offset 13, -12
 2022              		.cfi_offset 11, -16
 2023              	.LCFI1:
 2024              		.cfi_def_cfa 11, 4
 2025 000c 10D04DE2 		sub	sp, sp, #16
 2026 0010 18000BE5 		str	r0, [fp, #-24]
 2027 0014 1C100BE5 		str	r1, [fp, #-28]
  33:../main.c     ****     int i,j;
  34:../main.c     **** 
  35:../main.c     ****     for (i=0;i<nfilas;i++)
 2028              		.loc 1 35 0
 2029 0018 0030A0E3 		mov	r3, #0
 2030 001c 10300BE5 		str	r3, [fp, #-16]
 2031 0020 4B0000EA 		b	.L2
 2032              	.L5:
  36:../main.c     ****         for (j=0; j<ncols; j++) {
 2033              		.loc 1 36 0
 2034 0024 0030A0E3 		mov	r3, #0
 2035 0028 14300BE5 		str	r3, [fp, #-20]
 2036 002c 410000EA 		b	.L3
 2037              	.L4:
  37:../main.c     ****         	imagenRGB[i*ncols+j].R = (i+j)%256;
 2038              		.loc 1 37 0 discriminator 2
 2039 0030 10301BE5 		ldr	r3, [fp, #-16]
 2040 0034 1C201BE5 		ldr	r2, [fp, #-28]
 2041 0038 930202E0 		mul	r2, r3, r2
 2042 003c 14301BE5 		ldr	r3, [fp, #-20]
 2043 0040 032082E0 		add	r2, r2, r3
 2044 0044 10101BE5 		ldr	r1, [fp, #-16]
 2045 0048 14301BE5 		ldr	r3, [fp, #-20]
 2046 004c 031081E0 		add	r1, r1, r3
 2047 0050 C13FA0E1 		mov	r3, r1, asr #31
 2048 0054 233CA0E1 		mov	r3, r3, lsr #24
 2049 0058 031081E0 		add	r1, r1, r3
 2050 005c FF1001E2 		and	r1, r1, #255
 2051 0060 013063E0 		rsb	r3, r3, r1
 2052 0064 FF1003E2 		and	r1, r3, #255
 2053 0068 00019FE5 		ldr	r0, .L6
 2054 006c 0230A0E1 		mov	r3, r2
 2055 0070 8330A0E1 		mov	r3, r3, asl #1
 2056 0074 023083E0 		add	r3, r3, r2
 2057 0078 033080E0 		add	r3, r0, r3
 2058 007c 0120A0E1 		mov	r2, r1
 2059 0080 0020C3E5 		strb	r2, [r3, #0]
  38:../main.c     ****         	imagenRGB[i*ncols+j].G = (i+j)%256;
 2060              		.loc 1 38 0 discriminator 2
 2061 0084 10301BE5 		ldr	r3, [fp, #-16]
 2062 0088 1C201BE5 		ldr	r2, [fp, #-28]
 2063 008c 930202E0 		mul	r2, r3, r2
 2064 0090 14301BE5 		ldr	r3, [fp, #-20]
 2065 0094 032082E0 		add	r2, r2, r3
 2066 0098 10101BE5 		ldr	r1, [fp, #-16]
 2067 009c 14301BE5 		ldr	r3, [fp, #-20]
 2068 00a0 031081E0 		add	r1, r1, r3
 2069 00a4 C13FA0E1 		mov	r3, r1, asr #31
 2070 00a8 233CA0E1 		mov	r3, r3, lsr #24
 2071 00ac 031081E0 		add	r1, r1, r3
 2072 00b0 FF1001E2 		and	r1, r1, #255
 2073 00b4 013063E0 		rsb	r3, r3, r1
 2074 00b8 FF1003E2 		and	r1, r3, #255
 2075 00bc AC009FE5 		ldr	r0, .L6
 2076 00c0 0230A0E1 		mov	r3, r2
 2077 00c4 8330A0E1 		mov	r3, r3, asl #1
 2078 00c8 023083E0 		add	r3, r3, r2
 2079 00cc 033080E0 		add	r3, r0, r3
 2080 00d0 0120A0E1 		mov	r2, r1
 2081 00d4 0120C3E5 		strb	r2, [r3, #1]
  39:../main.c     ****         	imagenRGB[i*ncols+j].B = (i+j)%256;
 2082              		.loc 1 39 0 discriminator 2
 2083 00d8 10301BE5 		ldr	r3, [fp, #-16]
 2084 00dc 1C201BE5 		ldr	r2, [fp, #-28]
 2085 00e0 930202E0 		mul	r2, r3, r2
 2086 00e4 14301BE5 		ldr	r3, [fp, #-20]
 2087 00e8 032082E0 		add	r2, r2, r3
 2088 00ec 10101BE5 		ldr	r1, [fp, #-16]
 2089 00f0 14301BE5 		ldr	r3, [fp, #-20]
 2090 00f4 031081E0 		add	r1, r1, r3
 2091 00f8 C13FA0E1 		mov	r3, r1, asr #31
 2092 00fc 233CA0E1 		mov	r3, r3, lsr #24
 2093 0100 031081E0 		add	r1, r1, r3
 2094 0104 FF1001E2 		and	r1, r1, #255
 2095 0108 013063E0 		rsb	r3, r3, r1
 2096 010c FF1003E2 		and	r1, r3, #255
 2097 0110 58009FE5 		ldr	r0, .L6
 2098 0114 0230A0E1 		mov	r3, r2
 2099 0118 8330A0E1 		mov	r3, r3, asl #1
 2100 011c 023083E0 		add	r3, r3, r2
 2101 0120 033080E0 		add	r3, r0, r3
 2102 0124 0120A0E1 		mov	r2, r1
 2103 0128 0220C3E5 		strb	r2, [r3, #2]
  36:../main.c     ****         for (j=0; j<ncols; j++) {
 2104              		.loc 1 36 0 discriminator 2
 2105 012c 14301BE5 		ldr	r3, [fp, #-20]
 2106 0130 013083E2 		add	r3, r3, #1
 2107 0134 14300BE5 		str	r3, [fp, #-20]
 2108              	.L3:
  36:../main.c     ****         for (j=0; j<ncols; j++) {
 2109              		.loc 1 36 0 is_stmt 0 discriminator 1
 2110 0138 14201BE5 		ldr	r2, [fp, #-20]
 2111 013c 1C301BE5 		ldr	r3, [fp, #-28]
 2112 0140 030052E1 		cmp	r2, r3
 2113 0144 B9FFFFBA 		blt	.L4
  35:../main.c     ****     for (i=0;i<nfilas;i++)
 2114              		.loc 1 35 0 is_stmt 1
 2115 0148 10301BE5 		ldr	r3, [fp, #-16]
 2116 014c 013083E2 		add	r3, r3, #1
 2117 0150 10300BE5 		str	r3, [fp, #-16]
 2118              	.L2:
  35:../main.c     ****     for (i=0;i<nfilas;i++)
 2119              		.loc 1 35 0 is_stmt 0 discriminator 1
 2120 0154 10201BE5 		ldr	r2, [fp, #-16]
 2121 0158 18301BE5 		ldr	r3, [fp, #-24]
 2122 015c 030052E1 		cmp	r2, r3
 2123 0160 AFFFFFBA 		blt	.L5
  40:../main.c     ****         }
  41:../main.c     **** }
 2124              		.loc 1 41 0 is_stmt 1
 2125 0164 0CD04BE2 		sub	sp, fp, #12
 2126 0168 00689DE8 		ldmfd	sp, {fp, sp, lr}
 2127 016c 1EFF2FE1 		bx	lr
 2128              	.L7:
 2129              		.align	2
 2130              	.L6:
 2131 0170 00000000 		.word	imagenRGB
 2132              		.cfi_endproc
 2133              	.LFE0:
 2135              		.align	2
 2136              		.global	main
 2138              	main:
 2139              	.LFB1:
  42:../main.c     **** #else
  43:../main.c     **** void initRGB(int nfilas, int ncols)
  44:../main.c     **** {
  45:../main.c     ****     imagenRGB = (pixelRGB*) imageLena512;
  46:../main.c     **** }
  47:../main.c     **** #endif
  48:../main.c     **** 
  49:../main.c     **** 
  50:../main.c     **** int main() {
 2140              		.loc 1 50 0
 2141              		.cfi_startproc
 2142              		@ Function supports interworking.
 2143              		@ args = 0, pretend = 0, frame = 8
 2144              		@ frame_needed = 1, uses_anonymous_args = 0
 2145 0174 0DC0A0E1 		mov	ip, sp
 2146              	.LCFI2:
 2147              		.cfi_def_cfa_register 12
 2148 0178 00D82DE9 		stmfd	sp!, {fp, ip, lr, pc}
 2149 017c 04B04CE2 		sub	fp, ip, #4
 2150              		.cfi_offset 14, -8
 2151              		.cfi_offset 13, -12
 2152              		.cfi_offset 11, -16
 2153              	.LCFI3:
 2154              		.cfi_def_cfa 11, 4
 2155 0180 08D04DE2 		sub	sp, sp, #8
  51:../main.c     **** 	short int time = 0;
 2156              		.loc 1 51 0
 2157 0184 0030A0E3 		mov	r3, #0
 2158 0188 BE304BE1 		strh	r3, [fp, #-14]	@ movhi
  52:../main.c     ****     timer_init();
 2159              		.loc 1 52 0
 2160 018c FEFFFFEB 		bl	timer_init
  53:../main.c     ****     initRGB(N,M);
 2161              		.loc 1 53 0
 2162 0190 0800A0E3 		mov	r0, #8
 2163 0194 0810A0E3 		mov	r1, #8
 2164 0198 FEFFFFEB 		bl	initRGB
  54:../main.c     ****     timer_start();
 2165              		.loc 1 54 0
 2166 019c FEFFFFEB 		bl	timer_start
  55:../main.c     ****     RGB2GrayMatrix(imagenRGB, imagenGris,N,M);
 2167              		.loc 1 55 0
 2168 01a0 68009FE5 		ldr	r0, .L9
 2169 01a4 68109FE5 		ldr	r1, .L9+4
 2170 01a8 0820A0E3 		mov	r2, #8
 2171 01ac 0830A0E3 		mov	r3, #8
 2172 01b0 FEFFFFEB 		bl	RGB2GrayMatrix
  56:../main.c     ****     MaximoGris(imagenGris,N,M,imagenMax);
 2173              		.loc 1 56 0
 2174 01b4 58009FE5 		ldr	r0, .L9+4
 2175 01b8 0810A0E3 		mov	r1, #8
 2176 01bc 0820A0E3 		mov	r2, #8
 2177 01c0 50309FE5 		ldr	r3, .L9+8
 2178 01c4 FEFFFFEB 		bl	MaximoGris
  57:../main.c     ****     apply_gaussian(imagenGris, imagenGauss, N, M);
 2179              		.loc 1 57 0
 2180 01c8 44009FE5 		ldr	r0, .L9+4
 2181 01cc 48109FE5 		ldr	r1, .L9+12
 2182 01d0 0820A0E3 		mov	r2, #8
 2183 01d4 0830A0E3 		mov	r3, #8
 2184 01d8 FEFFFFEB 		bl	apply_gaussian
  58:../main.c     ****     apply_sobel(imagenGauss, imagenSobel, N, M);
 2185              		.loc 1 58 0
 2186 01dc 38009FE5 		ldr	r0, .L9+12
 2187 01e0 38109FE5 		ldr	r1, .L9+16
 2188 01e4 0820A0E3 		mov	r2, #8
 2189 01e8 0830A0E3 		mov	r3, #8
 2190 01ec FEFFFFEB 		bl	apply_sobel
  59:../main.c     ****     time = timer_stop();
 2191              		.loc 1 59 0
 2192 01f0 FEFFFFEB 		bl	timer_stop
 2193 01f4 0030A0E1 		mov	r3, r0
 2194 01f8 BE304BE1 		strh	r3, [fp, #-14]	@ movhi
  60:../main.c     ****     return 0;
 2195              		.loc 1 60 0
 2196 01fc 0030A0E3 		mov	r3, #0
  61:../main.c     **** }
 2197              		.loc 1 61 0
 2198 0200 0300A0E1 		mov	r0, r3
 2199 0204 0CD04BE2 		sub	sp, fp, #12
 2200 0208 00689DE8 		ldmfd	sp, {fp, sp, lr}
 2201 020c 1EFF2FE1 		bx	lr
 2202              	.L10:
 2203              		.align	2
 2204              	.L9:
 2205 0210 00000000 		.word	imagenRGB
 2206 0214 00000000 		.word	imagenGris
 2207 0218 00000000 		.word	imagenMax
 2208 021c 00000000 		.word	imagenGauss
 2209 0220 00000000 		.word	imagenSobel
 2210              		.cfi_endproc
 2211              	.LFE1:
 2213              	.Letext0:
DEFINED SYMBOLS
                            *ABS*:00000000 main.c
                            *COM*:000000c0 imagenRGB
                            *COM*:00000040 imagenMax
                            *COM*:00000040 imagenGris
                            *COM*:00000040 imagenGauss
                            *COM*:00000040 imagenSobel
C:\Users\GAVO\AppData\Local\Temp\ccDKMsff.s:2005   .text:00000000 $a
C:\Users\GAVO\AppData\Local\Temp\ccDKMsff.s:2008   .text:00000000 initRGB
C:\Users\GAVO\AppData\Local\Temp\ccDKMsff.s:2131   .text:00000170 $d
C:\Users\GAVO\AppData\Local\Temp\ccDKMsff.s:2135   .text:00000174 $a
C:\Users\GAVO\AppData\Local\Temp\ccDKMsff.s:2138   .text:00000174 main
C:\Users\GAVO\AppData\Local\Temp\ccDKMsff.s:2205   .text:00000210 $d
                     .debug_frame:00000010 $d

UNDEFINED SYMBOLS
timer_init
timer_start
RGB2GrayMatrix
MaximoGris
apply_gaussian
apply_sobel
timer_stop
